#
# There is insufficient memory for the Java Runtime Environment to continue.
# Native memory allocation (malloc) failed to allocate 846256 bytes for Chunk::new
# Possible reasons:
#   The system is out of physical RAM or swap space
#   The process is running with CompressedOops enabled, and the Java Heap may be blocking the growth of the native heap
# Possible solutions:
#   Reduce memory load on the system
#   Increase physical memory or swap space
#   Check if swap backing store is full
#   Decrease Java heap size (-Xmx/-Xms)
#   Decrease number of Java threads
#   Decrease Java thread stack sizes (-Xss)
#   Set larger code cache with -XX:ReservedCodeCacheSize=
#   JVM is running with Unscaled Compressed Oops mode in which the Java heap is
#     placed in the first 4GB address space. The Java Heap base address is the
#     maximum limit for the native heap growth. Please use -XX:HeapBaseMinAddress
#     to set the Java Heap base and to place the Java Heap above 4GB virtual address.
# This output file may be truncated or incomplete.
#
#  Out of Memory Error (allocation.cpp:389), pid=1144, tid=0x0000000000005de8
#
# JRE version: Java(TM) SE Runtime Environment (8.0_351-b10) (build 1.8.0_351-b10)
# Java VM: Java HotSpot(TM) 64-Bit Server VM (25.351-b10 mixed mode windows-amd64 compressed oops)
# Failed to write core dump. Minidumps are not enabled by default on client versions of Windows
#

---------------  T H R E A D  ---------------

Current thread (0x0000026835f09800):  JavaThread "C2 CompilerThread0" daemon [_thread_in_native, id=24040, stack(0x000000ff86e00000,0x000000ff86f00000)]

Stack: [0x000000ff86e00000,0x000000ff86f00000]
Native frames: (J=compiled Java code, j=interpreted, Vv=VM code, C=native code)
V  [jvm.dll+0x3300b9]
V  [jvm.dll+0x276632]
V  [jvm.dll+0x2772dd]
V  [jvm.dll+0x26dc85]
V  [jvm.dll+0xd584c]
V  [jvm.dll+0xd604c]
V  [jvm.dll+0x471a53]
V  [jvm.dll+0x439110]
V  [jvm.dll+0x442115]
V  [jvm.dll+0x4414d5]
V  [jvm.dll+0x42c27b]
V  [jvm.dll+0xac69b]
V  [jvm.dll+0xaacfb]
V  [jvm.dll+0x23ec62]
V  [jvm.dll+0x29330c]
C  [ucrtbase.dll+0x26c0c]
C  [KERNEL32.DLL+0x155a0]
C  [ntdll.dll+0x485b]


Current CompileTask:
C2:  37158 5541       4       com.sun.tools.javac.comp.Attr::selectSym (600 bytes)


---------------  P R O C E S S  ---------------

Java Threads: ( => current thread )
  0x0000026835f87000 JavaThread "Service Thread" daemon [_thread_blocked, id=27992, stack(0x000000ff87000000,0x000000ff87100000)]
  0x0000026835f0d000 JavaThread "C1 CompilerThread1" daemon [_thread_blocked, id=26472, stack(0x000000ff86f00000,0x000000ff87000000)]
=>0x0000026835f09800 JavaThread "C2 CompilerThread0" daemon [_thread_in_native, id=24040, stack(0x000000ff86e00000,0x000000ff86f00000)]
  0x0000026835f07000 JavaThread "Attach Listener" daemon [_thread_blocked, id=26544, stack(0x000000ff86d00000,0x000000ff86e00000)]
  0x0000026835f06000 JavaThread "Signal Dispatcher" daemon [_thread_blocked, id=13240, stack(0x000000ff86c00000,0x000000ff86d00000)]
  0x0000026835a13800 JavaThread "Finalizer" daemon [_thread_blocked, id=19168, stack(0x000000ff86b00000,0x000000ff86c00000)]
  0x0000026835ee4000 JavaThread "Reference Handler" daemon [_thread_blocked, id=8596, stack(0x000000ff86a00000,0x000000ff86b00000)]
  0x00000268220f5800 JavaThread "main" [_thread_in_vm, id=29596, stack(0x000000ff86600000,0x000000ff86700000)]

Other Threads:
  0x0000026835ec3800 VMThread [stack: 0x000000ff86900000,0x000000ff86a00000] [id=27592]
  0x0000026835f8c800 WatcherThread [stack: 0x000000ff87100000,0x000000ff87200000] [id=26992]

VM state:not at safepoint (normal execution)

VM Mutex/Monitor currently owned by a thread: None

heap address: 0x00000000c2e00000, size: 978 MB, Compressed Oops mode: 32-bit
Narrow klass base: 0x0000000000000000, Narrow klass shift: 3
Compressed class space size: 1073741824 Address: 0x0000000100000000

Heap:
 PSYoungGen      total 135680K, used 78707K [0x00000000eba00000, 0x00000000f6f00000, 0x0000000100000000)
  eden space 122368K, 53% used [0x00000000eba00000,0x00000000ef9de708,0x00000000f3180000)
  from space 13312K, 99% used [0x00000000f3180000,0x00000000f3e7e848,0x00000000f3e80000)
  to   space 17408K, 0% used [0x00000000f5e00000,0x00000000f5e00000,0x00000000f6f00000)
 ParOldGen       total 47104K, used 23437K [0x00000000c2e00000, 0x00000000c5c00000, 0x00000000eba00000)
  object space 47104K, 49% used [0x00000000c2e00000,0x00000000c44e3618,0x00000000c5c00000)
 Metaspace       used 25976K, capacity 26676K, committed 27056K, reserved 1073152K
  class space    used 2935K, capacity 3130K, committed 3248K, reserved 1048576K

Card table byte_map: [0x0000026832e90000,0x0000026833080000] byte_map_base: 0x0000026832879000

Marking Bits: (ParMarkBitMap*) 0x0000000057508fd0
 Begin Bits: [0x0000026833080000, 0x0000026833fc8000)
 End Bits:   [0x0000026833fc8000, 0x0000026834f10000)

Polling page: 0x00000268220a0000

CodeCache: size=245760Kb used=18779Kb max_used=18779Kb free=226980Kb
 bounds [0x0000026823ad0000, 0x0000026824d40000, 0x0000026832ad0000]
 total_blobs=5435 nmethods=5010 adapters=338
 compilation: enabled

Compilation events (10 events):
Event: 36.953 Thread 0x0000026835f0d000 nmethod 5536 0x0000026824d22ad0 code [0x0000026824d22d00, 0x0000026824d23a50]
Event: 36.953 Thread 0x0000026835f0d000 5537       3       java.util.Formatter$FormatSpecifier::printString (105 bytes)
Event: 36.954 Thread 0x0000026835f0d000 nmethod 5537 0x0000026824d23ed0 code [0x0000026824d241a0, 0x0000026824d25520]
Event: 36.954 Thread 0x0000026835f0d000 5538       3       java.util.Formatter$FormatSpecifier::print (66 bytes)
Event: 36.955 Thread 0x0000026835f0d000 nmethod 5538 0x0000026824d26050 code [0x0000026824d26220, 0x0000026824d26a20]
Event: 36.955 Thread 0x0000026835f0d000 5539   !   3       com.sun.tools.javac.comp.Resolve::lookupMethod (190 bytes)
Event: 36.956 Thread 0x0000026835f0d000 nmethod 5539 0x0000026824d26d50 code [0x0000026824d26f80, 0x0000026824d28070]
Event: 36.957 Thread 0x0000026835f0d000 5540       3       com.sun.tools.javac.comp.Attr::visitSelect (1224 bytes)
Event: 36.967 Thread 0x0000026835f0d000 nmethod 5540 0x0000026824d28990 code [0x0000026824d29300, 0x0000026824d30c30]
Event: 36.968 Thread 0x0000026835f09800 5541       4       com.sun.tools.javac.comp.Attr::selectSym (600 bytes)

GC Heap History (10 events):
Event: 7.240 GC heap before
{Heap before GC invocations=6 (full 0):
 PSYoungGen      total 34304K, used 34288K [0x00000000eba00000, 0x00000000f0700000, 0x0000000100000000)
  eden space 31744K, 100% used [0x00000000eba00000,0x00000000ed900000,0x00000000ed900000)
  from space 2560K, 99% used [0x00000000ed900000,0x00000000edb7c010,0x00000000edb80000)
  to   space 7680K, 0% used [0x00000000eff80000,0x00000000eff80000,0x00000000f0700000)
 ParOldGen       total 42496K, used 9918K [0x00000000c2e00000, 0x00000000c5780000, 0x00000000eba00000)
  object space 42496K, 23% used [0x00000000c2e00000,0x00000000c37afbb0,0x00000000c5780000)
 Metaspace       used 15674K, capacity 16010K, committed 16384K, reserved 1062912K
  class space    used 1866K, capacity 1950K, committed 2048K, reserved 1048576K
Event: 7.282 GC heap after
Heap after GC invocations=6 (full 0):
 PSYoungGen      total 70144K, used 6956K [0x00000000eba00000, 0x00000000f0900000, 0x0000000100000000)
  eden space 62464K, 0% used [0x00000000eba00000,0x00000000eba00000,0x00000000ef700000)
  from space 7680K, 90% used [0x00000000eff80000,0x00000000f064b100,0x00000000f0700000)
  to   space 8704K, 0% used [0x00000000ef700000,0x00000000ef700000,0x00000000eff80000)
 ParOldGen       total 42496K, used 9918K [0x00000000c2e00000, 0x00000000c5780000, 0x00000000eba00000)
  object space 42496K, 23% used [0x00000000c2e00000,0x00000000c37afbb0,0x00000000c5780000)
 Metaspace       used 15674K, capacity 16010K, committed 16384K, reserved 1062912K
  class space    used 1866K, capacity 1950K, committed 2048K, reserved 1048576K
}
Event: 10.184 GC heap before
{Heap before GC invocations=7 (full 0):
 PSYoungGen      total 70144K, used 69420K [0x00000000eba00000, 0x00000000f0900000, 0x0000000100000000)
  eden space 62464K, 100% used [0x00000000eba00000,0x00000000ef700000,0x00000000ef700000)
  from space 7680K, 90% used [0x00000000eff80000,0x00000000f064b100,0x00000000f0700000)
  to   space 8704K, 0% used [0x00000000ef700000,0x00000000ef700000,0x00000000eff80000)
 ParOldGen       total 42496K, used 9918K [0x00000000c2e00000, 0x00000000c5780000, 0x00000000eba00000)
  object space 42496K, 23% used [0x00000000c2e00000,0x00000000c37afbb0,0x00000000c5780000)
 Metaspace       used 17135K, capacity 17636K, committed 17792K, reserved 1064960K
  class space    used 1981K, capacity 2097K, committed 2176K, reserved 1048576K
Event: 10.219 GC heap after
Heap after GC invocations=7 (full 0):
 PSYoungGen      total 71168K, used 8672K [0x00000000eba00000, 0x00000000f4900000, 0x0000000100000000)
  eden space 62464K, 0% used [0x00000000eba00000,0x00000000eba00000,0x00000000ef700000)
  from space 8704K, 99% used [0x00000000ef700000,0x00000000eff78020,0x00000000eff80000)
  to   space 10752K, 0% used [0x00000000f3e80000,0x00000000f3e80000,0x00000000f4900000)
 ParOldGen       total 42496K, used 11496K [0x00000000c2e00000, 0x00000000c5780000, 0x00000000eba00000)
  object space 42496K, 27% used [0x00000000c2e00000,0x00000000c393a228,0x00000000c5780000)
 Metaspace       used 17135K, capacity 17636K, committed 17792K, reserved 1064960K
  class space    used 1981K, capacity 2097K, committed 2176K, reserved 1048576K
}
Event: 16.468 GC heap before
{Heap before GC invocations=8 (full 0):
 PSYoungGen      total 71168K, used 58188K [0x00000000eba00000, 0x00000000f4900000, 0x0000000100000000)
  eden space 62464K, 79% used [0x00000000eba00000,0x00000000eea5b108,0x00000000ef700000)
  from space 8704K, 99% used [0x00000000ef700000,0x00000000eff78020,0x00000000eff80000)
  to   space 10752K, 0% used [0x00000000f3e80000,0x00000000f3e80000,0x00000000f4900000)
 ParOldGen       total 42496K, used 11496K [0x00000000c2e00000, 0x00000000c5780000, 0x00000000eba00000)
  object space 42496K, 27% used [0x00000000c2e00000,0x00000000c393a228,0x00000000c5780000)
 Metaspace       used 20700K, capacity 21250K, committed 21296K, reserved 1069056K
  class space    used 2434K, capacity 2602K, committed 2608K, reserved 1048576K
Event: 16.524 GC heap after
Heap after GC invocations=8 (full 0):
 PSYoungGen      total 133120K, used 10735K [0x00000000eba00000, 0x00000000f4e00000, 0x0000000100000000)
  eden space 122368K, 0% used [0x00000000eba00000,0x00000000eba00000,0x00000000f3180000)
  from space 10752K, 99% used [0x00000000f3e80000,0x00000000f48fbe30,0x00000000f4900000)
  to   space 13312K, 0% used [0x00000000f3180000,0x00000000f3180000,0x00000000f3e80000)
 ParOldGen       total 42496K, used 13120K [0x00000000c2e00000, 0x00000000c5780000, 0x00000000eba00000)
  object space 42496K, 30% used [0x00000000c2e00000,0x00000000c3ad0148,0x00000000c5780000)
 Metaspace       used 20700K, capacity 21250K, committed 21296K, reserved 1069056K
  class space    used 2434K, capacity 2602K, committed 2608K, reserved 1048576K
}
Event: 16.524 GC heap before
{Heap before GC invocations=9 (full 1):
 PSYoungGen      total 133120K, used 10735K [0x00000000eba00000, 0x00000000f4e00000, 0x0000000100000000)
  eden space 122368K, 0% used [0x00000000eba00000,0x00000000eba00000,0x00000000f3180000)
  from space 10752K, 99% used [0x00000000f3e80000,0x00000000f48fbe30,0x00000000f4900000)
  to   space 13312K, 0% used [0x00000000f3180000,0x00000000f3180000,0x00000000f3e80000)
 ParOldGen       total 42496K, used 13120K [0x00000000c2e00000, 0x00000000c5780000, 0x00000000eba00000)
  object space 42496K, 30% used [0x00000000c2e00000,0x00000000c3ad0148,0x00000000c5780000)
 Metaspace       used 20700K, capacity 21250K, committed 21296K, reserved 1069056K
  class space    used 2434K, capacity 2602K, committed 2608K, reserved 1048576K
Event: 16.807 GC heap after
Heap after GC invocations=9 (full 1):
 PSYoungGen      total 133120K, used 0K [0x00000000eba00000, 0x00000000f4e00000, 0x0000000100000000)
  eden space 122368K, 0% used [0x00000000eba00000,0x00000000eba00000,0x00000000f3180000)
  from space 10752K, 0% used [0x00000000f3e80000,0x00000000f3e80000,0x00000000f4900000)
  to   space 13312K, 0% used [0x00000000f3180000,0x00000000f3180000,0x00000000f3e80000)
 ParOldGen       total 47104K, used 17724K [0x00000000c2e00000, 0x00000000c5c00000, 0x00000000eba00000)
  object space 47104K, 37% used [0x00000000c2e00000,0x00000000c3f4f1c8,0x00000000c5c00000)
 Metaspace       used 20700K, capacity 21250K, committed 21296K, reserved 1069056K
  class space    used 2434K, capacity 2602K, committed 2608K, reserved 1048576K
}
Event: 31.112 GC heap before
{Heap before GC invocations=10 (full 1):
 PSYoungGen      total 133120K, used 122368K [0x00000000eba00000, 0x00000000f4e00000, 0x0000000100000000)
  eden space 122368K, 100% used [0x00000000eba00000,0x00000000f3180000,0x00000000f3180000)
  from space 10752K, 0% used [0x00000000f3e80000,0x00000000f3e80000,0x00000000f4900000)
  to   space 13312K, 0% used [0x00000000f3180000,0x00000000f3180000,0x00000000f3e80000)
 ParOldGen       total 47104K, used 17724K [0x00000000c2e00000, 0x00000000c5c00000, 0x00000000eba00000)
  object space 47104K, 37% used [0x00000000c2e00000,0x00000000c3f4f1c8,0x00000000c5c00000)
 Metaspace       used 24869K, capacity 25556K, committed 25904K, reserved 1073152K
  class space    used 2836K, capacity 3034K, committed 3120K, reserved 1048576K
Event: 31.156 GC heap after
Heap after GC invocations=10 (full 1):
 PSYoungGen      total 135680K, used 13306K [0x00000000eba00000, 0x00000000f6f00000, 0x0000000100000000)
  eden space 122368K, 0% used [0x00000000eba00000,0x00000000eba00000,0x00000000f3180000)
  from space 13312K, 99% used [0x00000000f3180000,0x00000000f3e7e848,0x00000000f3e80000)
  to   space 17408K, 0% used [0x00000000f5e00000,0x00000000f5e00000,0x00000000f6f00000)
 ParOldGen       total 47104K, used 23437K [0x00000000c2e00000, 0x00000000c5c00000, 0x00000000eba00000)
  object space 47104K, 49% used [0x00000000c2e00000,0x00000000c44e3618,0x00000000c5c00000)
 Metaspace       used 24869K, capacity 25556K, committed 25904K, reserved 1073152K
  class space    used 2836K, capacity 3034K, committed 3120K, reserved 1048576K
}

Deoptimization events (10 events):
Event: 36.314 Thread 0x00000268220f5800 Uncommon trap: reason=unloaded action=reinterpret pc=0x0000026824887214 method=com.sun.tools.javac.jvm.ClassReader.readPool(I)Ljava/lang/Object; @ 390
Event: 36.374 Thread 0x00000268220f5800 Uncommon trap: reason=bimorphic action=maybe_recompile pc=0x0000026824b8c814 method=com.sun.tools.javac.code.Types$18.visitClassType(Lcom/sun/tools/javac/code/Type$ClassType;Ljava/lang/Void;)Lcom/sun/tools/javac/code/Type; @ 19
Event: 36.388 Thread 0x00000268220f5800 Uncommon trap: reason=bimorphic action=maybe_recompile pc=0x00000268247537c4 method=com.sun.tools.javac.code.Type$ClassType.isErroneous()Z @ 1
Event: 36.388 Thread 0x00000268220f5800 Uncommon trap: reason=bimorphic action=maybe_recompile pc=0x00000268247537c4 method=com.sun.tools.javac.code.Type$ClassType.isErroneous()Z @ 1
Event: 36.390 Thread 0x00000268220f5800 Uncommon trap: reason=bimorphic action=maybe_recompile pc=0x00000268247537c4 method=com.sun.tools.javac.code.Type$ClassType.isErroneous()Z @ 1
Event: 36.516 Thread 0x00000268220f5800 Uncommon trap: reason=bimorphic action=maybe_recompile pc=0x0000026824c62980 method=com.sun.tools.javac.comp.Check.checkType(Lcom/sun/tools/javac/util/JCDiagnostic$DiagnosticPosition;Lcom/sun/tools/javac/code/Type;Lcom/sun/tools/javac/code/Type;Lcom/sun/t
Event: 36.520 Thread 0x00000268220f5800 Uncommon trap: reason=bimorphic action=maybe_recompile pc=0x0000026824c62980 method=com.sun.tools.javac.comp.Check.checkType(Lcom/sun/tools/javac/util/JCDiagnostic$DiagnosticPosition;Lcom/sun/tools/javac/code/Type;Lcom/sun/tools/javac/code/Type;Lcom/sun/t
Event: 36.521 Thread 0x00000268220f5800 Uncommon trap: reason=bimorphic action=maybe_recompile pc=0x0000026824c62980 method=com.sun.tools.javac.comp.Check.checkType(Lcom/sun/tools/javac/util/JCDiagnostic$DiagnosticPosition;Lcom/sun/tools/javac/code/Type;Lcom/sun/tools/javac/code/Type;Lcom/sun/t
Event: 36.524 Thread 0x00000268220f5800 Uncommon trap: reason=bimorphic action=maybe_recompile pc=0x0000026824c62980 method=com.sun.tools.javac.comp.Check.checkType(Lcom/sun/tools/javac/util/JCDiagnostic$DiagnosticPosition;Lcom/sun/tools/javac/code/Type;Lcom/sun/tools/javac/code/Type;Lcom/sun/t
Event: 36.786 Thread 0x00000268220f5800 Uncommon trap: reason=predicate action=maybe_recompile pc=0x0000026824cc0174 method=com.sun.tools.javac.code.Type.containsAny(Lcom/sun/tools/javac/util/List;)Z @ 14

Classes redefined (0 events):
No events

Internal exceptions (10 events):
Event: 8.410 Thread 0x00000268220f5800 Implicit null exception at 0x0000026823d6276f to 0x0000026823d627d9
Event: 11.757 Thread 0x00000268220f5800 Implicit null exception at 0x00000268246b97e0 to 0x00000268246b9d39
Event: 14.693 Thread 0x00000268220f5800 Exception <a 'java/lang/ClassNotFoundException': com/sun/tools/javac/api/JavacTool> (0x00000000ee23ca08) thrown at [C:\jenkins\workspace\8-2-build-windows-x64-cygwin\jdk8u351\2908\hotspot\src\share\vm\classfile\systemDictionary.cpp, line 212]
Event: 19.097 Thread 0x00000268220f5800 Exception <a 'java/io/FileNotFoundException'> (0x00000000ec9702a0) thrown at [C:\jenkins\workspace\8-2-build-windows-x64-cygwin\jdk8u351\2908\hotspot\src\share\vm\prims\jni.cpp, line 710]
Event: 26.905 Thread 0x00000268220f5800 Implicit null exception at 0x0000026824914e05 to 0x0000026824915651
Event: 27.568 Thread 0x00000268220f5800 Implicit null exception at 0x0000026824160bb1 to 0x0000026824160fc9
Event: 27.579 Thread 0x00000268220f5800 Implicit null exception at 0x0000026824153c55 to 0x0000026824153e51
Event: 29.820 Thread 0x00000268220f5800 Implicit null exception at 0x00000268248a764f to 0x00000268248a774d
Event: 33.849 Thread 0x00000268220f5800 Implicit null exception at 0x000002682415e971 to 0x000002682415f4e5
Event: 33.849 Thread 0x00000268220f5800 Implicit null exception at 0x0000026823e4035b to 0x0000026823e407e1

Events (10 events):
Event: 36.521 Thread 0x00000268220f5800 DEOPT PACKING pc=0x0000026824c62980 sp=0x000000ff866fc1c0
Event: 36.521 Thread 0x00000268220f5800 DEOPT UNPACKING pc=0x0000026823b158c3 sp=0x000000ff866fc168 mode 2
Event: 36.524 Thread 0x00000268220f5800 Uncommon trap: trap_request=0xffffffc6 fr.pc=0x0000026824c62980
Event: 36.524 Thread 0x00000268220f5800 DEOPT PACKING pc=0x0000026824c62980 sp=0x000000ff866fbde0
Event: 36.524 Thread 0x00000268220f5800 DEOPT UNPACKING pc=0x0000026823b158c3 sp=0x000000ff866fbd88 mode 2
Event: 36.558 Executing VM operation: ForceSafepoint
Event: 36.558 Executing VM operation: ForceSafepoint done
Event: 36.786 Thread 0x00000268220f5800 Uncommon trap: trap_request=0xffffff86 fr.pc=0x0000026824cc0174
Event: 36.786 Thread 0x00000268220f5800 DEOPT PACKING pc=0x0000026824cc0174 sp=0x000000ff866fc420
Event: 36.786 Thread 0x00000268220f5800 DEOPT UNPACKING pc=0x0000026823b158c3 sp=0x000000ff866fc3e0 mode 2


Dynamic libraries:
0x00007ff7bb7b0000 - 0x00007ff7bb7f7000 	C:\Program Files\Java\jdk1.8.0_351\bin\java.exe
0x00007ffdc3140000 - 0x00007ffdc3349000 	C:\WINDOWS\SYSTEM32\ntdll.dll
0x00007ffdc25f0000 - 0x00007ffdc26ae000 	C:\WINDOWS\System32\KERNEL32.DLL
0x00007ffdc0940000 - 0x00007ffdc0cbb000 	C:\WINDOWS\System32\KERNELBASE.dll
0x00007ffdc2b30000 - 0x00007ffdc2bde000 	C:\WINDOWS\System32\ADVAPI32.dll
0x00007ffdc2e50000 - 0x00007ffdc2ef3000 	C:\WINDOWS\System32\msvcrt.dll
0x00007ffdc1c70000 - 0x00007ffdc1d0e000 	C:\WINDOWS\System32\sechost.dll
0x00007ffdc21a0000 - 0x00007ffdc22c0000 	C:\WINDOWS\System32\RPCRT4.dll
0x00007ffdc1a40000 - 0x00007ffdc1bed000 	C:\WINDOWS\System32\USER32.dll
0x00007ffdc07f0000 - 0x00007ffdc0816000 	C:\WINDOWS\System32\win32u.dll
0x00007ffdc1bf0000 - 0x00007ffdc1c19000 	C:\WINDOWS\System32\GDI32.dll
0x00007ffdc0cc0000 - 0x00007ffdc0dd8000 	C:\WINDOWS\System32\gdi32full.dll
0x00007ffdc0de0000 - 0x00007ffdc0e7d000 	C:\WINDOWS\System32\msvcp_win.dll
0x00007ffdc0820000 - 0x00007ffdc0931000 	C:\WINDOWS\System32\ucrtbase.dll
0x00007ffda17b0000 - 0x00007ffda1a55000 	C:\WINDOWS\WinSxS\amd64_microsoft.windows.common-controls_6595b64144ccf1df_6.0.22000.120_none_9d947278b86cc467\COMCTL32.dll
0x00007ffdc1c30000 - 0x00007ffdc1c62000 	C:\WINDOWS\System32\IMM32.DLL
0x00007ffdae3a0000 - 0x00007ffdae3b5000 	C:\Program Files\Java\jdk1.8.0_351\jre\bin\vcruntime140.dll
0x00007ffd79380000 - 0x00007ffd7941b000 	C:\Program Files\Java\jdk1.8.0_351\jre\bin\msvcp140.dll
0x0000000056d20000 - 0x0000000057581000 	C:\Program Files\Java\jdk1.8.0_351\jre\bin\server\jvm.dll
0x00007ffdc1c20000 - 0x00007ffdc1c28000 	C:\WINDOWS\System32\PSAPI.DLL
0x00007ffdb9b60000 - 0x00007ffdb9b93000 	C:\WINDOWS\SYSTEM32\WINMM.dll
0x00007ffdb6580000 - 0x00007ffdb658a000 	C:\WINDOWS\SYSTEM32\VERSION.dll
0x00007ffdba2b0000 - 0x00007ffdba2b9000 	C:\WINDOWS\SYSTEM32\WSOCK32.dll
0x00007ffdc2be0000 - 0x00007ffdc2c4f000 	C:\WINDOWS\System32\WS2_32.dll
0x00007ffdbf690000 - 0x00007ffdbf6a8000 	C:\WINDOWS\SYSTEM32\kernel.appcore.dll
0x00007ffdb6c00000 - 0x00007ffdb6c10000 	C:\Program Files\Java\jdk1.8.0_351\jre\bin\verify.dll
0x00007ffdad320000 - 0x00007ffdad34b000 	C:\Program Files\Java\jdk1.8.0_351\jre\bin\java.dll
0x00007ffdae000000 - 0x00007ffdae018000 	C:\Program Files\Java\jdk1.8.0_351\jre\bin\zip.dll
0x00007ffdc1040000 - 0x00007ffdc17f7000 	C:\WINDOWS\System32\SHELL32.dll
0x00007ffdbe610000 - 0x00007ffdbee75000 	C:\WINDOWS\SYSTEM32\windows.storage.dll
0x00007ffdc26b0000 - 0x00007ffdc2a28000 	C:\WINDOWS\System32\combase.dll
0x00007ffdbe4a0000 - 0x00007ffdbe606000 	C:\WINDOWS\SYSTEM32\wintypes.dll
0x00007ffdc1950000 - 0x00007ffdc1a3a000 	C:\WINDOWS\System32\SHCORE.dll
0x00007ffdc2f00000 - 0x00007ffdc2f5d000 	C:\WINDOWS\System32\shlwapi.dll
0x00007ffdc0540000 - 0x00007ffdc0561000 	C:\WINDOWS\SYSTEM32\profapi.dll
0x00007ffdba2a0000 - 0x00007ffdba2aa000 	C:\Program Files\NetBeans-12.4\netbeans\java\maven\lib\jansi-native\windows64\jansi.dll
0x00007ffdadf40000 - 0x00007ffdadf5c000 	C:\Program Files\Java\jdk1.8.0_351\jre\bin\net.dll
0x00007ffdbfb30000 - 0x00007ffdbfb97000 	C:\WINDOWS\system32\mswsock.dll
0x00007ffdab740000 - 0x00007ffdab753000 	C:\Program Files\Java\jdk1.8.0_351\jre\bin\nio.dll
0x00007ffdbe270000 - 0x00007ffdbe491000 	C:\WINDOWS\SYSTEM32\dbghelp.dll
0x00007ffdc0f40000 - 0x00007ffdc0fbf000 	C:\WINDOWS\System32\bcryptPrimitives.dll

VM Arguments:
jvm_args: -Dclassworlds.conf=C:\Program Files\NetBeans-12.4\netbeans\java\maven\bin\..\bin\m2.conf -Dmaven.home=C:\Program Files\NetBeans-12.4\netbeans\java\maven\bin\.. -Dlibrary.jansi.path=C:\Program Files\NetBeans-12.4\netbeans\java\maven\bin\..\lib\jansi-native -Dmaven.multiModuleProjectDirectory=C:\Users\Carlos Villegas\OneDrive\Escritorio\Myportfolio\Miproyecto1\BACKEND 
java_command: org.codehaus.plexus.classworlds.launcher.Launcher -Dmaven.ext.class.path=C:\Program Files\NetBeans-12.4\netbeans\java\maven-nblib\netbeans-eventspy.jar -Dfile.encoding=UTF-8 clean install
java_class_path (initial): C:\Program Files\NetBeans-12.4\netbeans\java\maven\bin\..\boot\plexus-classworlds-2.6.0.jar
Launcher Type: SUN_STANDARD

Environment Variables:
JAVA_HOME=C:\Program Files\Java\jdk1.8.0_351
PATH=C:\Program Files (x86)\Common Files\Oracle\Java\javapath;C:\Python311\Scripts\;C:\Python311\;C:\WINDOWS\system32;C:\WINDOWS;C:\WINDOWS\System32\Wbem;C:\WINDOWS\System32\WindowsPowerShell\v1.0\;C:\WINDOWS\System32\OpenSSH\;C:\ProgramData\chocolatey\bin;C:\Program Files\Git\cmd;C:\Program Files\nodejs\;C:\Program Files\MySQL\MySQL Shell 8.0\bin\;C:\Users\Carlos Villegas\AppData\Local\Microsoft\WindowsApps;C:\Program Files\JetBrains\IntelliJ IDEA 2022.3.1\bin;;C:\Users\Carlos Villegas\AppData\Local\Programs\Microsoft VS Code\bin;C:\Users\Carlos Villegas\AppData\Local\GitHubDesktop\bin;C:\Users\Carlos Villegas\AppData\Roaming\npm
USERNAME=Carlos Villegas
OS=Windows_NT
PROCESSOR_IDENTIFIER=Intel64 Family 6 Model 122 Stepping 8, GenuineIntel



---------------  S Y S T E M  ---------------

OS: Windows 11 , 64 bit Build 22000 (10.0.22000.1335)

CPU:total 2 (initial active 2) (2 cores per cpu, 1 threads per core) family 6 model 122 stepping 8, cmov, cx8, fxsr, mmx, sse, sse2, sse3, ssse3, sse4.1, sse4.2, popcnt, aes, clmul, erms, 3dnowpref, tsc, tscinvbit

Memory: 4k page, physical 4005196k(299204k free), swap 11535816k(5568k free)

vm_info: Java HotSpot(TM) 64-Bit Server VM (25.351-b10) for windows-amd64 JRE (1.8.0_351-b10), built on Sep 15 2022 02:58:06 by "java_re" with MS VC++ 15.9 (VS2017)

time: Thu Feb 16 23:43:16 2023
timezone: Hora estándar de Argentina
elapsed time: 37.169694 seconds (0d 0h 0m 37s)

